[handleMsg]:  {
  key: {
    remoteJid: '59165550111@s.whatsapp.net',
    fromMe: false,
    id: 'B916311CEBB918138006011332B0E1B3',
    participant: undefined
  },
  messageTimestamp: 1724695164,
  pushName: 'Devil🤪',
  broadcast: false,
  message: Message {
    conversation: 'H',
    messageContextInfo: MessageContextInfo {
      deviceListMetadata: [DeviceListMetadata],
      deviceListMetadataVersion: 2
    }
  },
  body: 'H',
  from: '59165550111'
}
[QUEUE_SE_ENVIO]:  {
  ref: 'ans_c3bc5e8a-0e1d-4444-b93d-63060662e5a9',
  keyword: 'key_f1bb06e0-5952-4020-bb70-099283778b19',
  answer: 'Este es el flujo Welcome',
  options: {
    media: 'https://encrypted-tbn0.gstatic.com/images?q=tbn:ANd9GcShz8drx56zX6zBi1AviE26-JJfoVBwvfheYsVQZlJiE_gx4B--J-0kxDl5rHQjY9PbgcA&usqp=CAU',
    buttons: [],
    capture: false,
    child: null,
    delay: 100,
    idle: null,
    ref: null,
    nested: [],
    keyword: {},
    callback: true
  },
  refSerialize: 'bffcc9a461f79a614a8a13a5232d632b'
}
